2020-05-21 15:44:06.915  INFO 29260 --- [main] c.x.redis.admin.RedisAdminApplication    : Starting RedisAdminApplication v0.0.1-SNAPSHOT on localhost.localdomain with PID 29260 (/opt/docker-sh/redis/admin/redis-admin/target/redis-admin-server.jar started by root in /opt/docker-sh/redis/admin/redis-admin/target)
2020-05-21 15:44:06.918  INFO 29260 --- [main] c.x.redis.admin.RedisAdminApplication    : No active profile set, falling back to default profiles: default
2020-05-21 15:44:08.401  INFO 29260 --- [main] o.s.b.w.embedded.tomcat.TomcatWebServer  : Tomcat initialized with port(s): 8081 (http)
2020-05-21 15:44:08.420  INFO 29260 --- [main] o.apache.catalina.core.StandardService   : Starting service [Tomcat]
2020-05-21 15:44:08.421  INFO 29260 --- [main] org.apache.catalina.core.StandardEngine  : Starting Servlet engine: [Apache Tomcat/9.0.29]
2020-05-21 15:44:08.480  INFO 29260 --- [main] o.a.c.c.C.[Tomcat].[localhost].[/]       : Initializing Spring embedded WebApplicationContext
2020-05-21 15:44:08.481  INFO 29260 --- [main] o.s.web.context.ContextLoader            : Root WebApplicationContext: initialization completed in 1502 ms
2020-05-21 15:44:08.705  INFO 29260 --- [main] o.s.s.concurrent.ThreadPoolTaskExecutor  : Initializing ExecutorService 'applicationTaskExecutor'
2020-05-21 15:44:08.831  INFO 29260 --- [main] o.s.b.a.w.s.WelcomePageHandlerMapping    : Adding welcome page: class path resource [static/index.html]
2020-05-21 15:44:08.936  INFO 29260 --- [main] c.x.r.a.f.listener.LoadSysConfiguration  : 开始读取配置文件
2020-05-21 15:44:08.941  INFO 29260 --- [main] c.x.r.a.f.listener.LoadSysConfiguration  : user.json：[
  {
    "addr": "上海市静安区灵石路656号",
    "avatar": "http://q1.qlogo.cn/g?b=qq&nk=1138645967&s=100",
    "birth": "",
    "nickname": "贤心i",
    "password": "admin",
    "qq": "1138645967@qq.com",
    "sex": "男",
    "status": true,
    "tel": "15522886118",
    "username": "admin"
  }
]
2020-05-21 15:44:09.067  INFO 29260 --- [main] c.x.r.a.f.listener.LoadSysConfiguration  : config.json：[{"env":"local","host":"127.0.0.1","name":"本地redis","password":"","port":6379,"status":false}]
2020-05-21 15:44:09.194  INFO 29260 --- [main] c.x.r.admin.framework.config.SysConfig   : config.json 数据重写成功
2020-05-21 15:44:09.230  INFO 29260 --- [main] o.s.b.w.embedded.tomcat.TomcatWebServer  : Tomcat started on port(s): 8081 (http) with context path ''
2020-05-21 15:44:09.234  INFO 29260 --- [main] c.x.redis.admin.RedisAdminApplication    : Started RedisAdminApplication in 2.848 seconds (JVM running for 3.335)
2020-05-21 15:44:09.235  INFO 29260 --- [main] c.x.redis.admin.RedisAdminApplication    : 项目运行成功
2020-05-21 15:44:09.236  INFO 29260 --- [main] c.x.redis.admin.RedisAdminApplication    : http://localhost:8081/dist/index.html#/login
2020-05-21 15:45:12.944  INFO 29260 --- [http-nio-8081-exec-1] o.a.c.c.C.[Tomcat].[localhost].[/]       : Initializing Spring DispatcherServlet 'dispatcherServlet'
2020-05-21 15:45:12.945  INFO 29260 --- [http-nio-8081-exec-1] o.s.web.servlet.DispatcherServlet        : Initializing Servlet 'dispatcherServlet'
2020-05-21 15:45:12.951  INFO 29260 --- [http-nio-8081-exec-1] o.s.web.servlet.DispatcherServlet        : Completed initialization in 6 ms
2020-05-21 15:47:19.844  INFO 29260 --- [SpringContextShutdownHook] o.s.s.concurrent.ThreadPoolTaskExecutor  : Shutting down ExecutorService 'applicationTaskExecutor'
2020-05-21 15:50:25.548  INFO 29622 --- [main] c.x.redis.admin.RedisAdminApplication    : Starting RedisAdminApplication v0.0.1-SNAPSHOT on localhost.localdomain with PID 29622 (/opt/docker-sh/redis/admin/redis-admin/runtime/redis-admin-server.jar started by root in /opt/docker-sh/redis/admin/redis-admin/runtime)
2020-05-21 15:50:25.552  INFO 29622 --- [main] c.x.redis.admin.RedisAdminApplication    : No active profile set, falling back to default profiles: default
2020-05-21 15:50:26.888  INFO 29622 --- [main] o.s.b.w.embedded.tomcat.TomcatWebServer  : Tomcat initialized with port(s): 8081 (http)
2020-05-21 15:50:26.903  INFO 29622 --- [main] o.apache.catalina.core.StandardService   : Starting service [Tomcat]
2020-05-21 15:50:26.904  INFO 29622 --- [main] org.apache.catalina.core.StandardEngine  : Starting Servlet engine: [Apache Tomcat/9.0.29]
2020-05-21 15:50:26.978  INFO 29622 --- [main] o.a.c.c.C.[Tomcat].[localhost].[/]       : Initializing Spring embedded WebApplicationContext
2020-05-21 15:50:26.978  INFO 29622 --- [main] o.s.web.context.ContextLoader            : Root WebApplicationContext: initialization completed in 1357 ms
2020-05-21 15:50:27.206  INFO 29622 --- [main] o.s.s.concurrent.ThreadPoolTaskExecutor  : Initializing ExecutorService 'applicationTaskExecutor'
2020-05-21 15:50:27.309  INFO 29622 --- [main] o.s.b.a.w.s.WelcomePageHandlerMapping    : Adding welcome page: class path resource [static/index.html]
2020-05-21 15:50:27.395  INFO 29622 --- [main] c.x.r.a.f.listener.LoadSysConfiguration  : 开始读取配置文件
2020-05-21 15:50:27.399  INFO 29622 --- [main] c.x.r.a.f.listener.LoadSysConfiguration  : user.json：[
  {
    "addr": "上海市静安区灵石路656号",
    "avatar": "",
    "birth": "",
    "nickname": "yrj",
    "password": "401329",
    "qq": "470018286@qq.com",
    "sex": "男",
    "status": true,
    "tel": "15522886118",
    "username": "admin"
  }
]

2020-05-21 15:50:27.488  INFO 29622 --- [main] c.x.r.a.f.listener.LoadSysConfiguration  : config.json：[{"env":"local","host":"192.168.3.11","name":"本地redis","password":"","port":6379,"status":false}]

2020-05-21 15:50:27.610  INFO 29622 --- [main] c.x.r.admin.framework.config.SysConfig   : config.json 数据重写成功
2020-05-21 15:50:27.639  INFO 29622 --- [main] o.s.b.w.embedded.tomcat.TomcatWebServer  : Tomcat started on port(s): 8081 (http) with context path ''
2020-05-21 15:50:27.644  INFO 29622 --- [main] c.x.redis.admin.RedisAdminApplication    : Started RedisAdminApplication in 2.637 seconds (JVM running for 3.203)
2020-05-21 15:50:27.646  INFO 29622 --- [main] c.x.redis.admin.RedisAdminApplication    : 项目运行成功
2020-05-21 15:50:27.646  INFO 29622 --- [main] c.x.redis.admin.RedisAdminApplication    : http://localhost:8081/dist/index.html#/login
2020-05-21 15:50:36.856  INFO 29622 --- [http-nio-8081-exec-1] o.a.c.c.C.[Tomcat].[localhost].[/]       : Initializing Spring DispatcherServlet 'dispatcherServlet'
2020-05-21 15:50:36.856  INFO 29622 --- [http-nio-8081-exec-1] o.s.web.servlet.DispatcherServlet        : Initializing Servlet 'dispatcherServlet'
2020-05-21 15:50:36.862  INFO 29622 --- [http-nio-8081-exec-1] o.s.web.servlet.DispatcherServlet        : Completed initialization in 6 ms
2020-05-21 15:51:10.538  INFO 29622 --- [http-nio-8081-exec-6] c.x.r.admin.framework.config.SysConfig   : config.json 数据重写成功
2020-05-21 15:51:15.139  INFO 29622 --- [http-nio-8081-exec-7] c.x.r.a.s.impl.SysRedisServiceImpl       : HOST： 192.168.3.11
2020-05-21 15:51:15.153  INFO 29622 --- [http-nio-8081-exec-7] c.x.r.a.s.impl.SysRedisServiceImpl       : SELECT 0
2020-05-21 15:51:15.162  INFO 29622 --- [http-nio-8081-exec-7] c.x.r.a.s.impl.SysRedisServiceImpl       : OK
2020-05-21 15:51:15.162  INFO 29622 --- [http-nio-8081-exec-7] c.x.r.a.s.impl.SysRedisServiceImpl       : SELECT 1
2020-05-21 15:51:15.163  INFO 29622 --- [http-nio-8081-exec-7] c.x.r.a.s.impl.SysRedisServiceImpl       : OK
2020-05-21 15:51:15.163  INFO 29622 --- [http-nio-8081-exec-7] c.x.r.a.s.impl.SysRedisServiceImpl       : SELECT 2
2020-05-21 15:51:15.163  INFO 29622 --- [http-nio-8081-exec-7] c.x.r.a.s.impl.SysRedisServiceImpl       : OK
2020-05-21 15:51:15.163  INFO 29622 --- [http-nio-8081-exec-7] c.x.r.a.s.impl.SysRedisServiceImpl       : SELECT 3
2020-05-21 15:51:15.163  INFO 29622 --- [http-nio-8081-exec-7] c.x.r.a.s.impl.SysRedisServiceImpl       : OK
2020-05-21 15:51:15.164  INFO 29622 --- [http-nio-8081-exec-7] c.x.r.a.s.impl.SysRedisServiceImpl       : SELECT 4
2020-05-21 15:51:15.164  INFO 29622 --- [http-nio-8081-exec-7] c.x.r.a.s.impl.SysRedisServiceImpl       : OK
2020-05-21 15:51:15.164  INFO 29622 --- [http-nio-8081-exec-7] c.x.r.a.s.impl.SysRedisServiceImpl       : SELECT 5
2020-05-21 15:51:15.164  INFO 29622 --- [http-nio-8081-exec-7] c.x.r.a.s.impl.SysRedisServiceImpl       : OK
2020-05-21 15:51:15.164  INFO 29622 --- [http-nio-8081-exec-7] c.x.r.a.s.impl.SysRedisServiceImpl       : SELECT 6
2020-05-21 15:51:15.165  INFO 29622 --- [http-nio-8081-exec-7] c.x.r.a.s.impl.SysRedisServiceImpl       : OK
2020-05-21 15:51:15.165  INFO 29622 --- [http-nio-8081-exec-7] c.x.r.a.s.impl.SysRedisServiceImpl       : SELECT 7
2020-05-21 15:51:15.165  INFO 29622 --- [http-nio-8081-exec-7] c.x.r.a.s.impl.SysRedisServiceImpl       : OK
2020-05-21 15:51:15.165  INFO 29622 --- [http-nio-8081-exec-7] c.x.r.a.s.impl.SysRedisServiceImpl       : SELECT 8
2020-05-21 15:51:15.165  INFO 29622 --- [http-nio-8081-exec-7] c.x.r.a.s.impl.SysRedisServiceImpl       : OK
2020-05-21 15:51:15.166  INFO 29622 --- [http-nio-8081-exec-7] c.x.r.a.s.impl.SysRedisServiceImpl       : SELECT 9
2020-05-21 15:51:15.166  INFO 29622 --- [http-nio-8081-exec-7] c.x.r.a.s.impl.SysRedisServiceImpl       : OK
2020-05-21 15:51:15.166  INFO 29622 --- [http-nio-8081-exec-7] c.x.r.a.s.impl.SysRedisServiceImpl       : SELECT 10
2020-05-21 15:51:15.166  INFO 29622 --- [http-nio-8081-exec-7] c.x.r.a.s.impl.SysRedisServiceImpl       : OK
2020-05-21 15:51:15.166  INFO 29622 --- [http-nio-8081-exec-7] c.x.r.a.s.impl.SysRedisServiceImpl       : SELECT 11
2020-05-21 15:51:15.167  INFO 29622 --- [http-nio-8081-exec-7] c.x.r.a.s.impl.SysRedisServiceImpl       : OK
2020-05-21 15:51:15.167  INFO 29622 --- [http-nio-8081-exec-7] c.x.r.a.s.impl.SysRedisServiceImpl       : SELECT 12
2020-05-21 15:51:15.167  INFO 29622 --- [http-nio-8081-exec-7] c.x.r.a.s.impl.SysRedisServiceImpl       : OK
2020-05-21 15:51:15.167  INFO 29622 --- [http-nio-8081-exec-7] c.x.r.a.s.impl.SysRedisServiceImpl       : SELECT 13
2020-05-21 15:51:15.167  INFO 29622 --- [http-nio-8081-exec-7] c.x.r.a.s.impl.SysRedisServiceImpl       : OK
2020-05-21 15:51:15.167  INFO 29622 --- [http-nio-8081-exec-7] c.x.r.a.s.impl.SysRedisServiceImpl       : SELECT 14
2020-05-21 15:51:15.167  INFO 29622 --- [http-nio-8081-exec-7] c.x.r.a.s.impl.SysRedisServiceImpl       : OK
2020-05-21 15:51:15.167  INFO 29622 --- [http-nio-8081-exec-7] c.x.r.a.s.impl.SysRedisServiceImpl       : SELECT 15
2020-05-21 15:51:15.168  INFO 29622 --- [http-nio-8081-exec-7] c.x.r.a.s.impl.SysRedisServiceImpl       : OK
2020-05-21 15:51:17.976  INFO 29622 --- [http-nio-8081-exec-9] c.x.r.a.s.impl.SysRedisServiceImpl       : scan 0 MATCH * COUNT 10000
2020-05-21 15:51:17.977  INFO 29622 --- [http-nio-8081-exec-9] c.x.r.a.s.impl.SysRedisServiceImpl       : key=test_connection，type=hash
2020-05-21 15:51:35.609  INFO 29622 --- [http-nio-8081-exec-1] c.x.r.a.s.impl.SysRedisServiceImpl       : scan 0 MATCH * COUNT 10000
2020-05-21 15:51:35.609  INFO 29622 --- [http-nio-8081-exec-1] c.x.r.a.s.impl.SysRedisServiceImpl       : key=adf，type=string
2020-05-21 15:51:35.610  INFO 29622 --- [http-nio-8081-exec-1] c.x.r.a.s.impl.SysRedisServiceImpl       : key=test_connection，type=hash
2020-05-21 15:51:37.946  INFO 29622 --- [http-nio-8081-exec-5] c.x.r.a.s.impl.SysRedisServiceImpl       : scan 0 MATCH * COUNT 10000
2020-05-21 15:51:37.947  INFO 29622 --- [http-nio-8081-exec-5] c.x.r.a.s.impl.SysRedisServiceImpl       : key=adf，type=string
2020-05-21 15:51:37.948  INFO 29622 --- [http-nio-8081-exec-5] c.x.r.a.s.impl.SysRedisServiceImpl       : key=test_connection，type=hash
